<?xml version="1.0" encoding="UTF-8"?>
<robot generator="Robot 5.0.1 (Python 3.10.4 on win32)" generated="20220802 13:55:56.211" rpa="false" schemaversion="3">
<suite id="s1" name="Sankhya Treinamento Robot Framework" source="C:\Users\pehel\Desktop\Project\robot_framework\sankhya_treinamento_robot_framework">
<suite id="s1-s1" name="Test" source="C:\Users\pehel\Desktop\Project\robot_framework\sankhya_treinamento_robot_framework\test">
<suite id="s1-s1-s1" name="Variaveis" source="C:\Users\pehel\Desktop\Project\robot_framework\sankhya_treinamento_robot_framework\test\variaveis.robot">
<test id="s1-s1-s1-t1" name="exercicio 1 - imprimir dicionario com dados pessoais" line="6">
<kw name="Tenho um dicionario com dados pessoais e imprimo eles" library="variaveis">
<kw name="Log To Console" library="BuiltIn">
<arg>\n imprimir o dicionario pessoa: \n${Pessoas}\n</arg>
<doc>Logs the given message to the console.</doc>
<status status="PASS" starttime="20220802 13:55:56.333" endtime="20220802 13:55:56.340"/>
</kw>
<kw name="Log To Console" library="BuiltIn">
<arg>\n Olá me chamo ${Pessoas.nome}\n</arg>
<doc>Logs the given message to the console.</doc>
<status status="PASS" starttime="20220802 13:55:56.341" endtime="20220802 13:55:56.344"/>
</kw>
<kw name="Log To Console" library="BuiltIn">
<arg>\n meu sobrenome é</arg>
<arg>${Pessoas.sobrenome}\n</arg>
<doc>Logs the given message to the console.</doc>
<status status="PASS" starttime="20220802 13:55:56.345" endtime="20220802 13:55:56.349"/>
</kw>
<kw name="Log To Console" library="BuiltIn">
<arg>\n minha idade é ${Pessoas.idade}\n</arg>
<doc>Logs the given message to the console.</doc>
<status status="PASS" starttime="20220802 13:55:56.349" endtime="20220802 13:55:56.354"/>
</kw>
<status status="PASS" starttime="20220802 13:55:56.331" endtime="20220802 13:55:56.354"/>
</kw>
<doc>teste para imprimir dicionario com dados</doc>
<tag>dicionario</tag>
<status status="PASS" starttime="20220802 13:55:56.324" endtime="20220802 13:55:56.355"/>
</test>
<test id="s1-s1-s1-t2" name="exercicio 2 - imprimir minha lista de frutas" line="11">
<kw name="Tenho uma lista de frutas e imprimo elas" library="variaveis">
<kw name="Log To Console" library="BuiltIn">
<arg>\n imprimir as fruta \n${Lista_Frutas} \n</arg>
<doc>Logs the given message to the console.</doc>
<status status="PASS" starttime="20220802 13:55:56.365" endtime="20220802 13:55:56.369"/>
</kw>
<status status="PASS" starttime="20220802 13:55:56.364" endtime="20220802 13:55:56.372"/>
</kw>
<doc>teste para imprimir uma lista de frutas</doc>
<tag>dicionario</tag>
<status status="PASS" starttime="20220802 13:55:56.361" endtime="20220802 13:55:56.373"/>
</test>
<status status="PASS" starttime="20220802 13:55:56.293" endtime="20220802 13:55:56.379"/>
</suite>
<status status="PASS" starttime="20220802 13:55:56.273" endtime="20220802 13:55:56.386"/>
</suite>
<status status="PASS" starttime="20220802 13:55:56.216" endtime="20220802 13:55:56.394"/>
</suite>
<statistics>
<total>
<stat pass="2" fail="0" skip="0">All Tests</stat>
</total>
<tag>
<stat pass="2" fail="0" skip="0">dicionario</stat>
</tag>
<suite>
<stat pass="2" fail="0" skip="0" id="s1" name="Sankhya Treinamento Robot Framework">Sankhya Treinamento Robot Framework</stat>
<stat pass="2" fail="0" skip="0" id="s1-s1" name="Test">Sankhya Treinamento Robot Framework.Test</stat>
<stat pass="2" fail="0" skip="0" id="s1-s1-s1" name="Variaveis">Sankhya Treinamento Robot Framework.Test.Variaveis</stat>
</suite>
</statistics>
<errors>
</errors>
</robot>
